DEBUG  test :   [1m[36mActiveRecord::SchemaMigration Load (0.2ms)[0m  [1mSELECT `schema_migrations`.* FROM `schema_migrations`[0m
DEBUG  test :   [1m[35m (0.2ms)[0m  SELECT @@FOREIGN_KEY_CHECKS
DEBUG  test :   [1m[36m (0.1ms)[0m  [1mSET FOREIGN_KEY_CHECKS = 0[0m
DEBUG  test :   [1m[35m (0.1ms)[0m  SELECT DATABASE() as db
DEBUG  test :   [1m[36m (0.8ms)[0m  [1mselect table_name from information_schema.views where table_schema = 'cmw_test'[0m
DEBUG  test :   [1m[35m (2.5ms)[0m  TRUNCATE TABLE `users`;
DEBUG  test :   [1m[36m (0.1ms)[0m  [1mSET FOREIGN_KEY_CHECKS = 1[0m
DEBUG  test :   [1m[35m (0.2ms)[0m  BEGIN
DEBUG  test :   [1m[36m (0.2ms)[0m  [1mCOMMIT[0m
DEBUG  test :   [1m[35m (0.2ms)[0m  BEGIN
DEBUG  test :   [1m[36mUser Exists (0.6ms)[0m  [1mSELECT  1 AS one FROM `users` WHERE `users`.`email` = BINARY 'test@example.com' LIMIT 1[0m
DEBUG  test :   [1m[35mSQL (0.3ms)[0m  INSERT INTO `users` (`email`, `encrypted_password`, `created_at`, `updated_at`) VALUES ('test@example.com', '$2a$04$8rghpu5GnQ8sH.CjiVfQquyjiJ6SUEiOO6J4j3wfwHApIlpUDZqa.', '2015-01-13 17:03:31.218865', '2015-01-13 17:03:31.218865')
DEBUG  test :   [1m[36m (0.7ms)[0m  [1mROLLBACK[0m
DEBUG  test :   [1m[35m (0.2ms)[0m  BEGIN
DEBUG  test :   [1m[36m (0.2ms)[0m  [1mCOMMIT[0m
DEBUG  test :   [1m[35m (0.1ms)[0m  BEGIN
DEBUG  test :   [1m[36mUser Exists (0.3ms)[0m  [1mSELECT  1 AS one FROM `users` WHERE `users`.`email` = BINARY 'test@example.com' LIMIT 1[0m
DEBUG  test :   [1m[35mSQL (0.3ms)[0m  INSERT INTO `users` (`email`, `encrypted_password`, `created_at`, `updated_at`) VALUES ('test@example.com', '$2a$04$Ub9ian5utjjt8bMo7yxnQO031ysYQ5pqUGLwTcyeUQjGWTHZ4pu3y', '2015-01-13 17:03:31.240363', '2015-01-13 17:03:31.240363')
 INFO  test : Processing by Devise::RegistrationsController#new as HTML
DEBUG  test :   [1m[36mSQL (0.4ms)[0m  [1mUPDATE `users` SET `lang` = '', `updated_at` = '2015-01-13 17:03:31.287442' WHERE `users`.`id` = 2[0m
 INFO  test :   Rendered devise/registrations/new.html.erb (0.3ms)
 INFO  test : Completed 200 OK in 60ms (Views: 10.9ms | ActiveRecord: 0.4ms)
DEBUG  test :   [1m[35m (2.1ms)[0m  ROLLBACK
DEBUG  test :   [1m[36m (0.1ms)[0m  [1mBEGIN[0m
DEBUG  test :   [1m[35m (0.1ms)[0m  COMMIT
DEBUG  test :   [1m[36m (0.1ms)[0m  [1mBEGIN[0m
DEBUG  test :   [1m[35mUser Exists (0.4ms)[0m  SELECT  1 AS one FROM `users` WHERE `users`.`email` = BINARY 'test@example.com' LIMIT 1
DEBUG  test :   [1m[36mSQL (0.3ms)[0m  [1mINSERT INTO `users` (`email`, `encrypted_password`, `created_at`, `updated_at`) VALUES ('test@example.com', '$2a$04$DRBgXA0UbWP6.NgN6Kb8RuSYVjxI7.rNzH.gwXYF2W8GhK7c/BL1e', '2015-01-13 17:03:31.317136', '2015-01-13 17:03:31.317136')[0m
 INFO  test : Processing by Devise::RegistrationsController#edit as HTML
 INFO  test : Completed 401 Unauthorized in 0ms
 INFO  test :   Rendered text template (0.0ms)
DEBUG  test :   [1m[35m (0.4ms)[0m  ROLLBACK
DEBUG  test :   [1m[36m (0.1ms)[0m  [1mBEGIN[0m
DEBUG  test :   [1m[35m (0.1ms)[0m  COMMIT
DEBUG  test :   [1m[36m (0.1ms)[0m  [1mBEGIN[0m
DEBUG  test :   [1m[35mUser Exists (0.3ms)[0m  SELECT  1 AS one FROM `users` WHERE `users`.`email` = BINARY 'test@example.com' LIMIT 1
DEBUG  test :   [1m[36mSQL (0.2ms)[0m  [1mINSERT INTO `users` (`email`, `encrypted_password`, `created_at`, `updated_at`) VALUES ('test@example.com', '$2a$04$4YUkGFLv4vuxrMK2zBLLZeJ1B3nGlvXPzQYHYPaAra7qG9OGM529i', '2015-01-13 17:03:31.344459', '2015-01-13 17:03:31.344459')[0m
 INFO  test : Processing by RootController#index as HTML
DEBUG  test :   [1m[35mSQL (0.3ms)[0m  UPDATE `users` SET `lang` = '', `updated_at` = '2015-01-13 17:03:31.349519' WHERE `users`.`id` = 4
 INFO  test :   Rendered root/index.html.erb within layouts/application (0.3ms)
 INFO  test : Completed 200 OK in 8ms (Views: 4.8ms | ActiveRecord: 0.3ms)
DEBUG  test :   [1m[36m (0.8ms)[0m  [1mROLLBACK[0m
DEBUG  test :   [1m[35m (0.2ms)[0m  BEGIN
DEBUG  test :   [1m[36m (0.1ms)[0m  [1mCOMMIT[0m
DEBUG  test :   [1m[35m (0.1ms)[0m  BEGIN
DEBUG  test :   [1m[36m (0.2ms)[0m  [1mROLLBACK[0m
DEBUG  test :   [1m[35m (0.1ms)[0m  BEGIN
DEBUG  test :   [1m[36m (0.1ms)[0m  [1mCOMMIT[0m
DEBUG  test :   [1m[35m (0.1ms)[0m  BEGIN
DEBUG  test :   [1m[36m (0.2ms)[0m  [1mROLLBACK[0m
DEBUG  test :   [1m[35m (0.1ms)[0m  BEGIN
DEBUG  test :   [1m[36m (0.1ms)[0m  [1mCOMMIT[0m
DEBUG  test :   [1m[35m (0.1ms)[0m  BEGIN
DEBUG  test :   [1m[36mUser Exists (0.3ms)[0m  [1mSELECT  1 AS one FROM `users` WHERE `users`.`email` = BINARY 'test@example.com' LIMIT 1[0m
DEBUG  test :   [1m[35mSQL (0.3ms)[0m  INSERT INTO `users` (`email`, `encrypted_password`, `created_at`, `updated_at`) VALUES ('test@example.com', '$2a$04$PkT9wzKr0SlvzlsA7imXwuOPMHVkiITcJ1xQxJXbcsQU5KegH9tfO', '2015-01-13 17:03:31.385197', '2015-01-13 17:03:31.385197')
 INFO  test : Processing by Devise::PasswordsController#new as HTML
DEBUG  test :   [1m[36mSQL (0.3ms)[0m  [1mUPDATE `users` SET `lang` = '', `updated_at` = '2015-01-13 17:03:31.439118' WHERE `users`.`id` = 5[0m
 INFO  test :   Rendered devise/passwords/new.html.erb (0.3ms)
 INFO  test : Completed 200 OK in 8ms (Views: 4.6ms | ActiveRecord: 0.3ms)
DEBUG  test :   [1m[35m (1.7ms)[0m  ROLLBACK
DEBUG  test :   [1m[36m (0.1ms)[0m  [1mBEGIN[0m
DEBUG  test :   [1m[35m (0.1ms)[0m  COMMIT
DEBUG  test :   [1m[36m (0.1ms)[0m  [1mBEGIN[0m
DEBUG  test :   [1m[35mUser Exists (0.3ms)[0m  SELECT  1 AS one FROM `users` WHERE `users`.`email` = BINARY 'test@example.com' LIMIT 1
DEBUG  test :   [1m[36mSQL (0.2ms)[0m  [1mINSERT INTO `users` (`email`, `encrypted_password`, `created_at`, `updated_at`) VALUES ('test@example.com', '$2a$04$L8jsujFrX8rznSMpYXGO.u/PEhIonwGQFfwXm/ldQ/FbcCSEb6f46', '2015-01-13 17:03:31.454180', '2015-01-13 17:03:31.454180')[0m
 INFO  test : Processing by Devise::RegistrationsController#new as HTML
DEBUG  test :   [1m[35mSQL (0.3ms)[0m  UPDATE `users` SET `lang` = '', `updated_at` = '2015-01-13 17:03:31.474602' WHERE `users`.`id` = 6
 INFO  test :   Rendered devise/registrations/new.html.erb (0.3ms)
 INFO  test : Completed 200 OK in 5ms (Views: 0.7ms | ActiveRecord: 0.3ms)
DEBUG  test :   [1m[36m (0.5ms)[0m  [1mROLLBACK[0m
